<?xml version="1.0" encoding="UTF-8"?>
<!-- Generated by org.testng.reporters.JUnitReportReporter -->
<testsuite skipped="0" hostname="DEL-BBQ0PQ2" name="MMT_TestCases.Verifymmtlogin" tests="1" failures="0" timestamp="01 Mar 2019 10:12:11 GMT" time="23.683" errors="0">
  <testcase name="verifyvalidlogin" time="23.683" classname="MMT_TestCases.Verifymmtlogin"/>
</testsuite> <!-- MMT_TestCases.Verifymmtlogin -->
