<?xml version="1.0" encoding="UTF-8"?>
<!-- Generated by org.testng.reporters.JUnitReportReporter -->
<testsuite skipped="0" hostname="DEL-BBQ0PQ2" name="Pages.yahooLogin" tests="2" failures="0" timestamp="2020-07-27T19:24:31 IST" time="51.275" errors="0">
  <testcase name="loginTest" time="51.157" classname="Pages.yahooLogin"/>
  <system-out/>
  <testcase name="secondTest" time="0.118" classname="Pages.yahooLogin"/>
  <system-out/>
</testsuite> <!-- Pages.yahooLogin -->
