<?xml version="1.0" encoding="UTF-8"?>
<!-- Generated by org.testng.reporters.JUnitReportReporter -->
<testsuite skipped="0" hostname="DEL-BBQ0PQ2" name="MMT_TestCases.Verify_Word_Press_login" tests="1" failures="0" timestamp="01 Mar 2019 10:12:11 GMT" time="3.205" errors="0">
  <testcase name="verify_login_method" time="3.205" classname="MMT_TestCases.Verify_Word_Press_login"/>
</testsuite> <!-- MMT_TestCases.Verify_Word_Press_login -->
