<?xml version="1.0" encoding="UTF-8"?>
<!-- Generated by org.testng.reporters.JUnitReportReporter -->
<testsuite skipped="0" hostname="DEL-BBQ0PQ2" name="MMT_Automation.FirstAutomationScript" tests="1" failures="0" timestamp="01 Mar 2019 10:41:20 GMT" time="14.776" errors="0">
  <testcase name="startbrowser" time="14.776" classname="MMT_Automation.FirstAutomationScript"/>
</testsuite> <!-- MMT_Automation.FirstAutomationScript -->
