<?xml version="1.0" encoding="UTF-8"?>
<!-- Generated by org.testng.reporters.JUnitReportReporter -->
<testsuite skipped="0" hostname="DEL-BBQ0PQ2" name="Pages.loginFacebook" tests="2" failures="0" timestamp="2020-07-27T15:20:17 IST" time="21.133" errors="0">
  <testcase name="openBrowser" time="15.377" classname="Pages.loginFacebook"/>
  <system-out/>
  <testcase name="homepage" time="5.756" classname="Pages.loginFacebook"/>
  <system-out/>
</testsuite> <!-- Pages.loginFacebook -->
